Connecting to database specified by database.yml


Started GET "/" for 127.0.0.1 at 2013-05-31 13:35:55 +0100
Processing by HomeController#index as HTML
  Rendered home/index.html.haml within layouts/application (2.4ms)
Compiled app.css  (4ms)  (pid 92409)
Compiled bootstrap_and_overrides.css  (2454ms)  (pid 92409)
Compiled application.css  (2533ms)  (pid 92409)
Compiled jquery.js  (3ms)  (pid 92409)
Compiled jquery_ujs.js  (0ms)  (pid 92409)
Compiled bootstrap-transition.js  (0ms)  (pid 92409)
Compiled bootstrap-affix.js  (0ms)  (pid 92409)
Compiled bootstrap-alert.js  (0ms)  (pid 92409)
Compiled bootstrap-button.js  (0ms)  (pid 92409)
Compiled bootstrap-carousel.js  (0ms)  (pid 92409)
Compiled bootstrap-collapse.js  (0ms)  (pid 92409)
Compiled bootstrap-dropdown.js  (0ms)  (pid 92409)
Compiled bootstrap-modal.js  (0ms)  (pid 92409)
Compiled bootstrap-scrollspy.js  (0ms)  (pid 92409)
Compiled bootstrap-tab.js  (0ms)  (pid 92409)
Compiled bootstrap-tooltip.js  (0ms)  (pid 92409)
Compiled bootstrap-popover.js  (0ms)  (pid 92409)
Compiled bootstrap-typeahead.js  (0ms)  (pid 92409)
Compiled bootstrap.js  (259ms)  (pid 92409)
Compiled vendor/handlebars-rc3.js  (1ms)  (pid 92409)
Compiled vendor/ember-1.0.0-rc.1.js  (8ms)  (pid 92409)
Compiled vendor/ember-data.js  (2ms)  (pid 92409)
Compiled shortcuts.js  (206ms)  (pid 92409)
Compiled settings.js  (115ms)  (pid 92409)
Compiled store.js  (0ms)  (pid 92409)
Compiled models/user.js  (161ms)  (pid 92409)
Compiled controllers/controllers.js  (129ms)  (pid 92409)
Compiled views/application_view.js  (0ms)  (pid 92409)
Compiled views/components.js  (122ms)  (pid 92409)
Compiled state_managers.js  (122ms)  (pid 92409)
Compiled helpers/authentication_helper.js  (140ms)  (pid 92409)
Compiled helpers/init_helper.js  (123ms)  (pid 92409)
Compiled templates/application.js  (140ms)  (pid 92409)
Compiled templates/comps/menu_item.js  (143ms)  (pid 92409)
Compiled templates/help.js  (179ms)  (pid 92409)
Compiled templates/home.js  (183ms)  (pid 92409)
Compiled templates/login.js  (191ms)  (pid 92409)
Compiled templates/navbar.js  (173ms)  (pid 92409)
Compiled templates/registration.js  (179ms)  (pid 92409)
Compiled templates/welcome_msg.js  (257ms)  (pid 92409)
Compiled router.js  (203ms)  (pid 92409)
Compiled routes/application_route.js  (168ms)  (pid 92409)
Compiled ember_app.js  (3434ms)  (pid 92409)
Compiled application.js  (3983ms)  (pid 92409)
Completed 200 OK in 6926ms (Views: 6926.1ms | ActiveRecord: 0.0ms)


Started GET "/" for 127.0.0.1 at 2013-05-31 13:36:02 +0100
Processing by HomeController#index as HTML
  Rendered home/index.html.haml within layouts/application (0.1ms)
Completed 200 OK in 60ms (Views: 60.1ms | ActiveRecord: 0.0ms)


Started POST "/users.json" for 127.0.0.1 at 2013-05-31 13:36:23 +0100
Processing by Devise::RegistrationsController#create as JSON
  Parameters: {"user"=>{"email"=>"s_morgan@me.com", "password"=>"[FILTERED]", "password_confirmation"=>"[FILTERED]"}}
Completed 500 Internal Server Error in 3ms

ActiveRecord::StatementInvalid - Could not find table 'users':
  (gem) activerecord-3.2.12/lib/active_record/connection_adapters/sqlite_adapter.rb:472:in `table_structure'
  (gem) activerecord-3.2.12/lib/active_record/connection_adapters/sqlite_adapter.rb:346:in `columns'
  (gem) activerecord-3.2.12/lib/active_record/connection_adapters/schema_cache.rb:12:in `block in initialize'
  (gem) activerecord-3.2.12/lib/active_record/model_schema.rb:228:in `columns'
  (gem) activerecord-3.2.12/lib/active_record/model_schema.rb:243:in `column_defaults'
  (gem) activerecord-3.2.12/lib/active_record/base.rb:482:in `initialize'
  (gem) devise-2.2.3/lib/devise/models/registerable.rb:20:in `new_with_session'
  (gem) devise-2.2.3/app/controllers/devise/registrations_controller.rb:87:in `build_resource'
  (gem) devise-2.2.3/app/controllers/devise/registrations_controller.rb:13:in `create'
  (gem) actionpack-3.2.12/lib/action_controller/metal/implicit_render.rb:4:in `send_action'
  (gem) actionpack-3.2.12/lib/abstract_controller/base.rb:167:in `process_action'
  (gem) actionpack-3.2.12/lib/action_controller/metal/rendering.rb:10:in `process_action'
  (gem) actionpack-3.2.12/lib/abstract_controller/callbacks.rb:18:in `block in process_action'
  (gem) activesupport-3.2.12/lib/active_support/callbacks.rb:436:in `_run__295215672460551061__process_action__456665372104779841__callbacks'
  (gem) activesupport-3.2.12/lib/active_support/callbacks.rb:405:in `__run_callback'
  (gem) activesupport-3.2.12/lib/active_support/callbacks.rb:385:in `_run_process_action_callbacks'
  (gem) activesupport-3.2.12/lib/active_support/callbacks.rb:81:in `run_callbacks'
  (gem) actionpack-3.2.12/lib/abstract_controller/callbacks.rb:17:in `process_action'
  (gem) actionpack-3.2.12/lib/action_controller/metal/rescue.rb:29:in `process_action'
  (gem) actionpack-3.2.12/lib/action_controller/metal/instrumentation.rb:30:in `block in process_action'
  (gem) activesupport-3.2.12/lib/active_support/notifications.rb:123:in `block in instrument'
  (gem) activesupport-3.2.12/lib/active_support/notifications/instrumenter.rb:20:in `instrument'
  (gem) activesupport-3.2.12/lib/active_support/notifications.rb:123:in `instrument'
  (gem) actionpack-3.2.12/lib/action_controller/metal/instrumentation.rb:29:in `process_action'
  (gem) actionpack-3.2.12/lib/action_controller/metal/params_wrapper.rb:207:in `process_action'
  (gem) activerecord-3.2.12/lib/active_record/railties/controller_runtime.rb:18:in `process_action'
  (gem) actionpack-3.2.12/lib/abstract_controller/base.rb:121:in `process'
  (gem) actionpack-3.2.12/lib/abstract_controller/rendering.rb:45:in `process'
  (gem) actionpack-3.2.12/lib/action_controller/metal.rb:203:in `dispatch'
  (gem) actionpack-3.2.12/lib/action_controller/metal/rack_delegation.rb:14:in `dispatch'
  (gem) actionpack-3.2.12/lib/action_controller/metal.rb:246:in `block in action'
  (gem) actionpack-3.2.12/lib/action_dispatch/routing/route_set.rb:73:in `dispatch'
  (gem) actionpack-3.2.12/lib/action_dispatch/routing/route_set.rb:36:in `call'
  (gem) actionpack-3.2.12/lib/action_dispatch/routing/mapper.rb:42:in `call'
  (gem) journey-1.0.4/lib/journey/router.rb:68:in `block in call'
  (gem) journey-1.0.4/lib/journey/router.rb:56:in `call'
  (gem) actionpack-3.2.12/lib/action_dispatch/routing/route_set.rb:601:in `call'
  (gem) warden-1.2.1/lib/warden/manager.rb:35:in `block in call'
  (gem) warden-1.2.1/lib/warden/manager.rb:34:in `call'
  (gem) actionpack-3.2.12/lib/action_dispatch/middleware/best_standards_support.rb:17:in `call'
  (gem) rack-1.4.5/lib/rack/etag.rb:23:in `call'
  (gem) rack-1.4.5/lib/rack/conditionalget.rb:35:in `call'
  (gem) actionpack-3.2.12/lib/action_dispatch/middleware/head.rb:14:in `call'
  (gem) actionpack-3.2.12/lib/action_dispatch/middleware/params_parser.rb:21:in `call'
  (gem) actionpack-3.2.12/lib/action_dispatch/middleware/flash.rb:242:in `call'
  (gem) rack-1.4.5/lib/rack/session/abstract/id.rb:210:in `context'
  (gem) rack-1.4.5/lib/rack/session/abstract/id.rb:205:in `call'
  (gem) actionpack-3.2.12/lib/action_dispatch/middleware/cookies.rb:341:in `call'
  (gem) activerecord-3.2.12/lib/active_record/query_cache.rb:64:in `call'
  (gem) activerecord-3.2.12/lib/active_record/connection_adapters/abstract/connection_pool.rb:479:in `call'
  (gem) actionpack-3.2.12/lib/action_dispatch/middleware/callbacks.rb:28:in `block in call'
  (gem) activesupport-3.2.12/lib/active_support/callbacks.rb:405:in `_run__3248380530532637452__call__3987282964556500078__callbacks'
  (gem) activesupport-3.2.12/lib/active_support/callbacks.rb:405:in `__run_callback'
  (gem) activesupport-3.2.12/lib/active_support/callbacks.rb:385:in `_run_call_callbacks'
  (gem) activesupport-3.2.12/lib/active_support/callbacks.rb:81:in `run_callbacks'
  (gem) actionpack-3.2.12/lib/action_dispatch/middleware/callbacks.rb:27:in `call'
  (gem) actionpack-3.2.12/lib/action_dispatch/middleware/reloader.rb:65:in `call'
  (gem) actionpack-3.2.12/lib/action_dispatch/middleware/remote_ip.rb:31:in `call'
  (gem) better_errors-0.6.0/lib/better_errors/middleware.rb:71:in `protected_app_call'
  (gem) better_errors-0.6.0/lib/better_errors/middleware.rb:66:in `better_errors_call'
  (gem) better_errors-0.6.0/lib/better_errors/middleware.rb:41:in `call'
  (gem) actionpack-3.2.12/lib/action_dispatch/middleware/debug_exceptions.rb:16:in `call'
  (gem) actionpack-3.2.12/lib/action_dispatch/middleware/show_exceptions.rb:56:in `call'
  (gem) railties-3.2.12/lib/rails/rack/logger.rb:32:in `call_app'
  (gem) railties-3.2.12/lib/rails/rack/logger.rb:16:in `block in call'
  (gem) activesupport-3.2.12/lib/active_support/tagged_logging.rb:22:in `tagged'
  (gem) railties-3.2.12/lib/rails/rack/logger.rb:16:in `call'
  (gem) quiet_assets-1.0.1/lib/quiet_assets.rb:20:in `call_with_quiet_assets'
  (gem) actionpack-3.2.12/lib/action_dispatch/middleware/request_id.rb:22:in `call'
  (gem) rack-1.4.5/lib/rack/methodoverride.rb:21:in `call'
  (gem) rack-1.4.5/lib/rack/runtime.rb:17:in `call'
  (gem) activesupport-3.2.12/lib/active_support/cache/strategy/local_cache.rb:72:in `call'
  (gem) rack-1.4.5/lib/rack/lock.rb:15:in `call'
  (gem) actionpack-3.2.12/lib/action_dispatch/middleware/static.rb:62:in `call'
  (gem) railties-3.2.12/lib/rails/engine.rb:479:in `call'
  (gem) railties-3.2.12/lib/rails/application.rb:223:in `call'
  (gem) rack-1.4.5/lib/rack/content_length.rb:14:in `call'
  (gem) railties-3.2.12/lib/rails/rack/log_tailer.rb:17:in `call'
  (gem) thin-1.5.0/lib/thin/connection.rb:81:in `block in pre_process'
  (gem) thin-1.5.0/lib/thin/connection.rb:79:in `pre_process'
  (gem) thin-1.5.0/lib/thin/connection.rb:54:in `process'
  (gem) thin-1.5.0/lib/thin/connection.rb:39:in `receive_data'
  (gem) eventmachine-1.0.0/lib/eventmachine.rb:187:in `run'
  (gem) thin-1.5.0/lib/thin/backends/base.rb:63:in `start'
  (gem) thin-1.5.0/lib/thin/server.rb:159:in `start'
  (gem) rack-1.4.5/lib/rack/handler/thin.rb:13:in `run'
  (gem) rack-1.4.5/lib/rack/server.rb:268:in `start'
  (gem) railties-3.2.12/lib/rails/commands/server.rb:70:in `start'
  (gem) railties-3.2.12/lib/rails/commands.rb:55:in `block in <top (required)>'
  (gem) railties-3.2.12/lib/rails/commands.rb:50:in `<top (required)>'
  script/rails:6:in `<main>'

Connecting to database specified by database.yml
  [1m[36m (0.1ms)[0m  [1mselect sqlite_version(*)[0m
  [1m[35m (1.1ms)[0m  CREATE TABLE "schema_migrations" ("version" varchar(255) NOT NULL) 
  [1m[36m (1.0ms)[0m  [1mCREATE UNIQUE INDEX "unique_schema_migrations" ON "schema_migrations" ("version")[0m
  [1m[35m (0.1ms)[0m  SELECT "schema_migrations"."version" FROM "schema_migrations" 
Migrating to DeviseCreateUsers (20130203231007)
  [1m[36m (0.0ms)[0m  [1mbegin transaction[0m
  [1m[35m (0.4ms)[0m  CREATE TABLE "users" ("id" INTEGER PRIMARY KEY AUTOINCREMENT NOT NULL, "email" varchar(255) DEFAULT '' NOT NULL, "encrypted_password" varchar(255) DEFAULT '' NOT NULL, "reset_password_token" varchar(255), "reset_password_sent_at" datetime, "remember_created_at" datetime, "sign_in_count" integer DEFAULT 0, "current_sign_in_at" datetime, "last_sign_in_at" datetime, "current_sign_in_ip" varchar(255), "last_sign_in_ip" varchar(255), "created_at" datetime NOT NULL, "updated_at" datetime NOT NULL) 
  [1m[36m (0.3ms)[0m  [1mCREATE UNIQUE INDEX "index_users_on_email" ON "users" ("email")[0m
  [1m[35m (0.2ms)[0m  CREATE UNIQUE INDEX "index_users_on_reset_password_token" ON "users" ("reset_password_token")
  [1m[36m (0.1ms)[0m  [1mINSERT INTO "schema_migrations" ("version") VALUES ('20130203231007')[0m
  [1m[35m (0.8ms)[0m  commit transaction
Migrating to AddNameToUsers (20130203231012)
  [1m[36m (0.0ms)[0m  [1mbegin transaction[0m
  [1m[35m (0.8ms)[0m  ALTER TABLE "users" ADD "name" varchar(255)
  [1m[36m (0.1ms)[0m  [1mINSERT INTO "schema_migrations" ("version") VALUES ('20130203231012')[0m
  [1m[35m (0.6ms)[0m  commit transaction
Migrating to RolifyCreateRoles (20130203231022)
  [1m[36m (0.0ms)[0m  [1mbegin transaction[0m
  [1m[35m (0.3ms)[0m  CREATE TABLE "roles" ("id" INTEGER PRIMARY KEY AUTOINCREMENT NOT NULL, "name" varchar(255), "resource_id" integer, "resource_type" varchar(255), "created_at" datetime NOT NULL, "updated_at" datetime NOT NULL) 
  [1m[36m (0.1ms)[0m  [1mCREATE TABLE "users_roles" ("user_id" integer, "role_id" integer) [0m
  [1m[35m (0.1ms)[0m  CREATE INDEX "index_roles_on_name" ON "roles" ("name")
  [1m[36m (0.1ms)[0m  [1mCREATE INDEX "index_roles_on_name_and_resource_type_and_resource_id" ON "roles" ("name", "resource_type", "resource_id")[0m
  [1m[35m (0.1ms)[0m  CREATE INDEX "index_users_roles_on_user_id_and_role_id" ON "users_roles" ("user_id", "role_id")
  [1m[36m (0.1ms)[0m  [1mINSERT INTO "schema_migrations" ("version") VALUES ('20130203231022')[0m
  [1m[35m (0.7ms)[0m  commit transaction
  [1m[36m (0.1ms)[0m  [1mSELECT "schema_migrations"."version" FROM "schema_migrations" [0m
Connecting to database specified by database.yml
  [1m[36m (0.1ms)[0m  [1mSELECT "schema_migrations"."version" FROM "schema_migrations" [0m
  [1m[35m (0.1ms)[0m  begin transaction
  [1m[36mUser Exists (0.1ms)[0m  [1mSELECT 1 AS one FROM "users" WHERE "users"."email" = 'test@test.com' LIMIT 1[0m
Binary data inserted for `string` type on column `encrypted_password`
  [1m[35mSQL (2.3ms)[0m  INSERT INTO "users" ("created_at", "current_sign_in_at", "current_sign_in_ip", "email", "encrypted_password", "last_sign_in_at", "last_sign_in_ip", "name", "remember_created_at", "reset_password_sent_at", "reset_password_token", "sign_in_count", "updated_at") VALUES (?, ?, ?, ?, ?, ?, ?, ?, ?, ?, ?, ?, ?)  [["created_at", Fri, 31 May 2013 12:37:02 UTC +00:00], ["current_sign_in_at", nil], ["current_sign_in_ip", nil], ["email", "test@test.com"], ["encrypted_password", "$2a$10$m55YEljSLsvCvnd0/Zc9Qus8V1t1Eqyxxuy12AWZdQq8hZvAUg3nm"], ["last_sign_in_at", nil], ["last_sign_in_ip", nil], ["name", "TestUser"], ["remember_created_at", nil], ["reset_password_sent_at", nil], ["reset_password_token", nil], ["sign_in_count", 0], ["updated_at", Fri, 31 May 2013 12:37:02 UTC +00:00]]
  [1m[36m (0.8ms)[0m  [1mcommit transaction[0m
Connecting to database specified by database.yml


Started GET "/" for 127.0.0.1 at 2013-05-31 13:37:08 +0100
Processing by HomeController#index as HTML
  Rendered home/index.html.haml within layouts/application (1.6ms)
Completed 200 OK in 143ms (Views: 142.3ms | ActiveRecord: 0.0ms)


Started GET "/" for 127.0.0.1 at 2013-05-31 13:37:10 +0100
Processing by HomeController#index as HTML
  Rendered home/index.html.haml within layouts/application (0.1ms)
Completed 200 OK in 19ms (Views: 18.9ms | ActiveRecord: 0.0ms)


Started POST "/users/sign_in.json" for 127.0.0.1 at 2013-05-31 13:37:20 +0100
Processing by SessionsController#create as JSON
  Parameters: {"user"=>{"email"=>"test@test.com", "password"=>"[FILTERED]"}}
  [1m[36mUser Load (0.1ms)[0m  [1mSELECT "users".* FROM "users" WHERE "users"."email" = 'test@test.com' LIMIT 1[0m
  [1m[35m (0.1ms)[0m  begin transaction
  [1m[36m (0.3ms)[0m  [1mUPDATE "users" SET "last_sign_in_at" = '2013-05-31 12:37:20.762298', "current_sign_in_at" = '2013-05-31 12:37:20.762298', "last_sign_in_ip" = '127.0.0.1', "current_sign_in_ip" = '127.0.0.1', "sign_in_count" = 1, "updated_at" = '2013-05-31 12:37:20.764080' WHERE "users"."id" = 1[0m
  [1m[35m (0.8ms)[0m  commit transaction
Completed 201 Created in 101ms (Views: 3.4ms | ActiveRecord: 0.0ms)


Started DELETE "/users/sign_out.json" for 127.0.0.1 at 2013-05-31 13:37:56 +0100
Processing by SessionsController#destroy as JSON
  [1m[36mUser Load (0.2ms)[0m  [1mSELECT "users".* FROM "users" WHERE "users"."id" = 1 LIMIT 1[0m
  [1m[35m (0.1ms)[0m  begin transaction
  [1m[36m (0.0ms)[0m  [1mcommit transaction[0m
Completed 200 OK in 6ms (Views: 0.2ms | ActiveRecord: 0.3ms)
